Case #1: dbffabababefbccaeddaaefafcbfcefeeefefdababecafecaaabafaee
Case #2: IMPOSSIBLE
Case #3: IMPOSSIBLE
Case #4: IMPOSSIBLE
Case #5: bcbcbabcacdefebdeaafeecebaebbebbfbadafefaabbccafd
Case #6: IMPOSSIBLE
Case #7: abacac
Case #8: abcd
Case #9: IMPOSSIBLE
Case #10: IMPOSSIBLE
Case #11: aaaaaaaaacaaabdaaaaaaaaaabaabaaacadacaacfafdbadadaafafdaacfeaabaaffafafafbfa
Case #12: ffffffffffffffffffffffffffffffffffffffffffffffffffffffffffffffffffffffffffffffffffffffffffffffffffff
Case #13: afafafafbfcfdfeffbfbfcfdffffffffffffffffffffffffffffffffffffffffffffffffffffffffffffffffffffffffffff
Case #14: bdcbdceadacfccbdbcbaadbcfffadacfabfacdccdceadceadbafeaafeadadbbfeaedfafcae
Case #15: IMPOSSIBLE
Case #16: eeafbebdeebbcccefedfbaceadbfabaf
Case #17: ebdafbbcdbfcfabeadfadedcaeebcfbed
Case #18: afeedbfcaabfeababddffddcfbfbdcaeeecf
Case #19: abcd
Case #20: IMPOSSIBLE